# JRE version: OpenJDK Runtime Environment Temurin-21.0.11+10 (21.0.11+10) (build 21.0.11+10-LTS)
# Java VM: OpenJDK 64-Bit Server VM Temurin-21.0.11+10 (21.0.11+10-LTS, mixed mode, sharing, tiered, compressed oops, compressed class ptrs, parallel gc, windows-amd64)
GC Precious Log:
 CardTable entry size: 512
 CPUs: 8 total, 8 available
 Memory: 7528M
 Large Page Support: Disabled
 NUMA Support: Disabled
 Compressed Oops: Enabled (32-bit)
 Alignments: Space 512K, Generation 512K, Heap 2M
 Heap Min Capacity: 100M
 Heap Initial Capacity: 100M
 Heap Max Capacity: 2G
 Pre-touch: Disabled
 Parallel Workers: 8
Heap:
 PSYoungGen      total 12288K, used 1742K [0x00000000d5580000, 0x00000000d6480000, 0x0000000100000000)
  eden space 11264K, 10% used [0x00000000d5580000,0x00000000d56b1b40,0x00000000d6080000)
  from space 1024K, 50% used [0x00000000d6080000,0x00000000d6101ee0,0x00000000d6180000)
  to   space 1536K, 0% used [0x00000000d6300000,0x00000000d6300000,0x00000000d6480000)
 ParOldGen       total 68608K, used 48718K [0x0000000080000000, 0x0000000084300000, 0x00000000d5580000)
  object space 68608K, 71% used [0x0000000080000000,0x0000000082f93a98,0x0000000084300000)
 Metaspace       used 67811K, committed 69184K, reserved 1114112K
  class space    used 7291K, committed 7936K, reserved 1048576K
GC Heap History (20 events):
Event: 42.265 GC heap before
{Heap before GC invocations=35 (full 2):
 PSYoungGen      total 14336K, used 12652K [0x00000000d5580000, 0x00000000d6780000, 0x0000000100000000)
  eden space 13312K, 87% used [0x00000000d5580000,0x00000000d60de910,0x00000000d6280000)
  from space 1024K, 98% used [0x00000000d6680000,0x00000000d677caa8,0x00000000d6780000)
  to   space 1536K, 0% used [0x00000000d6480000,0x00000000d6480000,0x00000000d6600000)
 ParOldGen       total 68608K, used 48875K [0x0000000080000000, 0x0000000084300000, 0x00000000d5580000)
  object space 68608K, 71% used [0x0000000080000000,0x0000000082fbac50,0x0000000084300000)
 Metaspace       used 58590K, committed 59776K, reserved 1114112K
  class space    used 6349K, committed 6848K, reserved 1048576K
}
Event: 42.270 GC heap after
{Heap after GC invocations=35 (full 2):
 PSYoungGen      total 14848K, used 352K [0x00000000d5580000, 0x00000000d6700000, 0x0000000100000000)
  eden space 13312K, 0% used [0x00000000d5580000,0x00000000d5580000,0x00000000d6280000)
  from space 1536K, 22% used [0x00000000d6480000,0x00000000d64d8000,0x00000000d6600000)
  to   space 1024K, 0% used [0x00000000d6600000,0x00000000d6600000,0x00000000d6700000)
 ParOldGen       total 68608K, used 48883K [0x0000000080000000, 0x0000000084300000, 0x00000000d5580000)
  object space 68608K, 71% used [0x0000000080000000,0x0000000082fbcc50,0x0000000084300000)
 Metaspace       used 58590K, committed 59776K, reserved 1114112K
  class space    used 6349K, committed 6848K, reserved 1048576K
}
Event: 42.270 GC heap before
{Heap before GC invocations=36 (full 3):
 PSYoungGen      total 14848K, used 352K [0x00000000d5580000, 0x00000000d6700000, 0x0000000100000000)
  eden space 13312K, 0% used [0x00000000d5580000,0x00000000d5580000,0x00000000d6280000)
  from space 1536K, 22% used [0x00000000d6480000,0x00000000d64d8000,0x00000000d6600000)
  to   space 1024K, 0% used [0x00000000d6600000,0x00000000d6600000,0x00000000d6700000)
 ParOldGen       total 68608K, used 48883K [0x0000000080000000, 0x0000000084300000, 0x00000000d5580000)
  object space 68608K, 71% used [0x0000000080000000,0x0000000082fbcc50,0x0000000084300000)
 Metaspace       used 58590K, committed 59776K, reserved 1114112K
  class space    used 6349K, committed 6848K, reserved 1048576K
}
Event: 42.379 GC heap after
{Heap after GC invocations=36 (full 3):
 PSYoungGen      total 14848K, used 0K [0x00000000d5580000, 0x00000000d6700000, 0x0000000100000000)
  eden space 13312K, 0% used [0x00000000d5580000,0x00000000d5580000,0x00000000d6280000)
  from space 1536K, 0% used [0x00000000d6480000,0x00000000d6480000,0x00000000d6600000)
  to   space 1024K, 0% used [0x00000000d6600000,0x00000000d6600000,0x00000000d6700000)
 ParOldGen       total 68608K, used 41989K [0x0000000080000000, 0x0000000084300000, 0x00000000d5580000)
  object space 68608K, 61% used [0x0000000080000000,0x0000000082901728,0x0000000084300000)
 Metaspace       used 58590K, committed 59776K, reserved 1114112K
  class space    used 6349K, committed 6848K, reserved 1048576K
}
Event: 42.805 GC heap before
{Heap before GC invocations=37 (full 3):
 PSYoungGen      total 14848K, used 13311K [0x00000000d5580000, 0x00000000d6700000, 0x0000000100000000)
  eden space 13312K, 99% used [0x00000000d5580000,0x00000000d627ffd8,0x00000000d6280000)
  from space 1536K, 0% used [0x00000000d6480000,0x00000000d6480000,0x00000000d6600000)
  to   space 1024K, 0% used [0x00000000d6600000,0x00000000d6600000,0x00000000d6700000)
 ParOldGen       total 68608K, used 41989K [0x0000000080000000, 0x0000000084300000, 0x00000000d5580000)
  object space 68608K, 61% used [0x0000000080000000,0x0000000082901728,0x0000000084300000)
 Metaspace       used 59918K, committed 61120K, reserved 1114112K
  class space    used 6507K, committed 7040K, reserved 1048576K
}
Event: 42.806 GC heap after
{Heap after GC invocations=37 (full 3):
 PSYoungGen      total 14336K, used 686K [0x00000000d5580000, 0x00000000d6700000, 0x0000000100000000)
  eden space 13312K, 0% used [0x00000000d5580000,0x00000000d5580000,0x00000000d6280000)
  from space 1024K, 67% used [0x00000000d6600000,0x00000000d66ab9b8,0x00000000d6700000)
  to   space 1024K, 0% used [0x00000000d6500000,0x00000000d6500000,0x00000000d6600000)
 ParOldGen       total 68608K, used 41997K [0x0000000080000000, 0x0000000084300000, 0x00000000d5580000)
  object space 68608K, 61% used [0x0000000080000000,0x0000000082903728,0x0000000084300000)
 Metaspace       used 59918K, committed 61120K, reserved 1114112K
  class space    used 6507K, committed 7040K, reserved 1048576K
}
Event: 43.164 GC heap before
{Heap before GC invocations=38 (full 3):
 PSYoungGen      total 14336K, used 13983K [0x00000000d5580000, 0x00000000d6700000, 0x0000000100000000)
  eden space 13312K, 99% used [0x00000000d5580000,0x00000000d627c430,0x00000000d6280000)
  from space 1024K, 67% used [0x00000000d6600000,0x00000000d66ab9b8,0x00000000d6700000)
  to   space 1024K, 0% used [0x00000000d6500000,0x00000000d6500000,0x00000000d6600000)
 ParOldGen       total 68608K, used 41997K [0x0000000080000000, 0x0000000084300000, 0x00000000d5580000)
  object space 68608K, 61% used [0x0000000080000000,0x0000000082903728,0x0000000084300000)
 Metaspace       used 61658K, committed 62912K, reserved 1114112K
  class space    used 6692K, committed 7232K, reserved 1048576K
}
Event: 43.167 GC heap after
{Heap after GC invocations=38 (full 3):
 PSYoungGen      total 14336K, used 997K [0x00000000d5580000, 0x00000000d6680000, 0x0000000100000000)
  eden space 13312K, 0% used [0x00000000d5580000,0x00000000d5580000,0x00000000d6280000)
  from space 1024K, 97% used [0x00000000d6500000,0x00000000d65f9468,0x00000000d6600000)
  to   space 512K, 0% used [0x00000000d6600000,0x00000000d6600000,0x00000000d6680000)
 ParOldGen       total 68608K, used 42460K [0x0000000080000000, 0x0000000084300000, 0x00000000d5580000)
  object space 68608K, 61% used [0x0000000080000000,0x0000000082977228,0x0000000084300000)
 Metaspace       used 61658K, committed 62912K, reserved 1114112K
  class space    used 6692K, committed 7232K, reserved 1048576K
}
Event: 43.478 GC heap before
{Heap before GC invocations=39 (full 3):
 PSYoungGen      total 14336K, used 14302K [0x00000000d5580000, 0x00000000d6680000, 0x0000000100000000)
  eden space 13312K, 99% used [0x00000000d5580000,0x00000000d627e490,0x00000000d6280000)
  from space 1024K, 97% used [0x00000000d6500000,0x00000000d65f9468,0x00000000d6600000)
  to   space 512K, 0% used [0x00000000d6600000,0x00000000d6600000,0x00000000d6680000)
 ParOldGen       total 68608K, used 42460K [0x0000000080000000, 0x0000000084300000, 0x00000000d5580000)
  object space 68608K, 61% used [0x0000000080000000,0x0000000082977228,0x0000000084300000)
 Metaspace       used 63189K, committed 64448K, reserved 1114112K
  class space    used 6857K, committed 7424K, reserved 1048576K
}
Event: 43.481 GC heap after
{Heap after GC invocations=39 (full 3):
 PSYoungGen      total 13824K, used 507K [0x00000000d5580000, 0x00000000d6880000, 0x0000000100000000)
  eden space 13312K, 0% used [0x00000000d5580000,0x00000000d5580000,0x00000000d6280000)
  from space 512K, 99% used [0x00000000d6600000,0x00000000d667eee0,0x00000000d6680000)
  to   space 3072K, 0% used [0x00000000d6280000,0x00000000d6280000,0x00000000d6580000)
 ParOldGen       total 68608K, used 44406K [0x0000000080000000, 0x0000000084300000, 0x00000000d5580000)
  object space 68608K, 64% used [0x0000000080000000,0x0000000082b5daf8,0x0000000084300000)
 Metaspace       used 63189K, committed 64448K, reserved 1114112K
  class space    used 6857K, committed 7424K, reserved 1048576K
}
Event: 43.885 GC heap before
{Heap before GC invocations=40 (full 3):
 PSYoungGen      total 13824K, used 13819K [0x00000000d5580000, 0x00000000d6880000, 0x0000000100000000)
  eden space 13312K, 100% used [0x00000000d5580000,0x00000000d6280000,0x00000000d6280000)
  from space 512K, 99% used [0x00000000d6600000,0x00000000d667eee0,0x00000000d6680000)
  to   space 3072K, 0% used [0x00000000d6280000,0x00000000d6280000,0x00000000d6580000)
 ParOldGen       total 68608K, used 44406K [0x0000000080000000, 0x0000000084300000, 0x00000000d5580000)
  object space 68608K, 64% used [0x0000000080000000,0x0000000082b5daf8,0x0000000084300000)
 Metaspace       used 64235K, committed 65600K, reserved 1114112K
  class space    used 6961K, committed 7616K, reserved 1048576K
}
Event: 43.890 GC heap after
{Heap after GC invocations=40 (full 3):
 PSYoungGen      total 14848K, used 1378K [0x00000000d5580000, 0x00000000d6680000, 0x0000000100000000)
  eden space 13312K, 0% used [0x00000000d5580000,0x00000000d5580000,0x00000000d6280000)
  from space 1536K, 89% used [0x00000000d6280000,0x00000000d63d89b0,0x00000000d6400000)
  to   space 2048K, 0% used [0x00000000d6480000,0x00000000d6480000,0x00000000d6680000)
 ParOldGen       total 68608K, used 44921K [0x0000000080000000, 0x0000000084300000, 0x00000000d5580000)
  object space 68608K, 65% used [0x0000000080000000,0x0000000082bde520,0x0000000084300000)
 Metaspace       used 64235K, committed 65600K, reserved 1114112K
  class space    used 6961K, committed 7616K, reserved 1048576K
}
Event: 44.286 GC heap before
{Heap before GC invocations=41 (full 3):
 PSYoungGen      total 14848K, used 14690K [0x00000000d5580000, 0x00000000d6680000, 0x0000000100000000)
  eden space 13312K, 99% used [0x00000000d5580000,0x00000000d627fff0,0x00000000d6280000)
  from space 1536K, 89% used [0x00000000d6280000,0x00000000d63d89b0,0x00000000d6400000)
  to   space 2048K, 0% used [0x00000000d6480000,0x00000000d6480000,0x00000000d6680000)
 ParOldGen       total 68608K, used 44921K [0x0000000080000000, 0x0000000084300000, 0x00000000d5580000)
  object space 68608K, 65% used [0x0000000080000000,0x0000000082bde520,0x0000000084300000)
 Metaspace       used 65147K, committed 66496K, reserved 1114112K
  class space    used 7034K, committed 7680K, reserved 1048576K
}
Event: 44.288 GC heap after
{Heap after GC invocations=41 (full 3):
 PSYoungGen      total 14336K, used 793K [0x00000000d5580000, 0x00000000d6580000, 0x0000000100000000)
  eden space 13312K, 0% used [0x00000000d5580000,0x00000000d5580000,0x00000000d6280000)
  from space 1024K, 77% used [0x00000000d6480000,0x00000000d65464b0,0x00000000d6580000)
  to   space 1536K, 0% used [0x00000000d6280000,0x00000000d6280000,0x00000000d6400000)
 ParOldGen       total 68608K, used 45661K [0x0000000080000000, 0x0000000084300000, 0x00000000d5580000)
  object space 68608K, 66% used [0x0000000080000000,0x0000000082c97560,0x0000000084300000)
 Metaspace       used 65147K, committed 66496K, reserved 1114112K
  class space    used 7034K, committed 7680K, reserved 1048576K
}
Event: 44.870 GC heap before
{Heap before GC invocations=42 (full 3):
 PSYoungGen      total 14336K, used 14105K [0x00000000d5580000, 0x00000000d6580000, 0x0000000100000000)
  eden space 13312K, 100% used [0x00000000d5580000,0x00000000d6280000,0x00000000d6280000)
  from space 1024K, 77% used [0x00000000d6480000,0x00000000d65464b0,0x00000000d6580000)
  to   space 1536K, 0% used [0x00000000d6280000,0x00000000d6280000,0x00000000d6400000)
 ParOldGen       total 68608K, used 45661K [0x0000000080000000, 0x0000000084300000, 0x00000000d5580000)
  object space 68608K, 66% used [0x0000000080000000,0x0000000082c97560,0x0000000084300000)
 Metaspace       used 66261K, committed 67712K, reserved 1114112K
  class space    used 7135K, committed 7808K, reserved 1048576K
}
Event: 44.874 GC heap after
{Heap after GC invocations=42 (full 3):
 PSYoungGen      total 14848K, used 1095K [0x00000000d5580000, 0x00000000d6580000, 0x0000000100000000)
  eden space 13312K, 0% used [0x00000000d5580000,0x00000000d5580000,0x00000000d6280000)
  from space 1536K, 71% used [0x00000000d6280000,0x00000000d6391e90,0x00000000d6400000)
  to   space 1536K, 0% used [0x00000000d6400000,0x00000000d6400000,0x00000000d6580000)
 ParOldGen       total 68608K, used 46301K [0x0000000080000000, 0x0000000084300000, 0x00000000d5580000)
  object space 68608K, 67% used [0x0000000080000000,0x0000000082d37470,0x0000000084300000)
 Metaspace       used 66261K, committed 67712K, reserved 1114112K
  class space    used 7135K, committed 7808K, reserved 1048576K
}
Event: 45.273 GC heap before
{Heap before GC invocations=43 (full 3):
 PSYoungGen      total 14848K, used 14407K [0x00000000d5580000, 0x00000000d6580000, 0x0000000100000000)
  eden space 13312K, 100% used [0x00000000d5580000,0x00000000d6280000,0x00000000d6280000)
  from space 1536K, 71% used [0x00000000d6280000,0x00000000d6391e90,0x00000000d6400000)
  to   space 1536K, 0% used [0x00000000d6400000,0x00000000d6400000,0x00000000d6580000)
 ParOldGen       total 68608K, used 46301K [0x0000000080000000, 0x0000000084300000, 0x00000000d5580000)
  object space 68608K, 67% used [0x0000000080000000,0x0000000082d37470,0x0000000084300000)
 Metaspace       used 67181K, committed 68608K, reserved 1114112K
  class space    used 7244K, committed 7872K, reserved 1048576K
}
Event: 45.276 GC heap after
{Heap after GC invocations=43 (full 3):
 PSYoungGen      total 12800K, used 1522K [0x00000000d5580000, 0x00000000d6980000, 0x0000000100000000)
  eden space 11264K, 0% used [0x00000000d5580000,0x00000000d5580000,0x00000000d6080000)
  from space 1536K, 99% used [0x00000000d6400000,0x00000000d657cae0,0x00000000d6580000)
  to   space 3584K, 0% used [0x00000000d6080000,0x00000000d6080000,0x00000000d6400000)
 ParOldGen       total 68608K, used 47728K [0x0000000080000000, 0x0000000084300000, 0x00000000d5580000)
  object space 68608K, 69% used [0x0000000080000000,0x0000000082e9c0f0,0x0000000084300000)
 Metaspace       used 67181K, committed 68608K, reserved 1114112K
  class space    used 7244K, committed 7872K, reserved 1048576K
}
Event: 5764.301 GC heap before
{Heap before GC invocations=44 (full 3):
 PSYoungGen      total 12800K, used 12786K [0x00000000d5580000, 0x00000000d6980000, 0x0000000100000000)
  eden space 11264K, 100% used [0x00000000d5580000,0x00000000d6080000,0x00000000d6080000)
  from space 1536K, 99% used [0x00000000d6400000,0x00000000d657cae0,0x00000000d6580000)
  to   space 3584K, 0% used [0x00000000d6080000,0x00000000d6080000,0x00000000d6400000)
 ParOldGen       total 68608K, used 47728K [0x0000000080000000, 0x0000000084300000, 0x00000000d5580000)
  object space 68608K, 69% used [0x0000000080000000,0x0000000082e9c0f0,0x0000000084300000)
 Metaspace       used 67650K, committed 69056K, reserved 1114112K
  class space    used 7274K, committed 7936K, reserved 1048576K
}
Event: 5764.405 GC heap after
{Heap after GC invocations=44 (full 3):
 PSYoungGen      total 12288K, used 519K [0x00000000d5580000, 0x00000000d6480000, 0x0000000100000000)
  eden space 11264K, 0% used [0x00000000d5580000,0x00000000d5580000,0x00000000d6080000)
  from space 1024K, 50% used [0x00000000d6080000,0x00000000d6101ee0,0x00000000d6180000)
  to   space 1536K, 0% used [0x00000000d6300000,0x00000000d6300000,0x00000000d6480000)
 ParOldGen       total 68608K, used 48718K [0x0000000080000000, 0x0000000084300000, 0x00000000d5580000)
  object space 68608K, 71% used [0x0000000080000000,0x0000000082f93a98,0x0000000084300000)
 Metaspace       used 67650K, committed 69056K, reserved 1114112K
  class space    used 7274K, committed 7936K, reserved 1048576K
}

